app/build/intermediates/manifest_merge_blame_file/debug/manifest-merger-blame-debug-report.txt
1<?xml version="1.0" encoding="utf-8"?>
2<manifest xmlns:android="http://schemas.android.com/apk/res/android"
3    package="com.photoapp"
4    android:versionCode="1"
5    android:versionName="1.0" >
6
7    <uses-sdk
8        android:minSdkVersion="24"
8-->src\main\AndroidManifest.xml
9        android:targetSdkVersion="32" />
9-->src\main\AndroidManifest.xml
10
11    <uses-feature
11-->src\main\AndroidManifest.xml:5:5-7:35
12        android:name="android.hardware.camera"
12-->src\main\AndroidManifest.xml:6:9-47
13        android:required="true" />
13-->src\main\AndroidManifest.xml:7:9-32
14
15    <uses-permission android:name="android.permission.READ_EXTERNAL_STORAGE" />
15-->src\main\AndroidManifest.xml:9:5-80
15-->src\main\AndroidManifest.xml:9:22-77
16    <uses-permission
16-->src\main\AndroidManifest.xml:10:5-12:38
17        android:name="android.permission.WRITE_EXTERNAL_STORAGE"
17-->src\main\AndroidManifest.xml:11:9-65
18        android:maxSdkVersion="18" />
18-->src\main\AndroidManifest.xml:12:9-35
19
20    <application
20-->src\main\AndroidManifest.xml:14:5-45:19
21        android:allowBackup="true"
21-->src\main\AndroidManifest.xml:15:9-35
22        android:appComponentFactory="androidx.core.app.CoreComponentFactory"
22-->[androidx.core:core:1.7.0] AndroidManifest.xml:24:18-86
23        android:debuggable="true"
24        android:extractNativeLibs="false"
25        android:icon="@mipmap/ic_launcher"
25-->src\main\AndroidManifest.xml:16:9-43
26        android:label="@string/app_name"
26-->src\main\AndroidManifest.xml:17:9-41
27        android:roundIcon="@mipmap/ic_launcher_round"
27-->src\main\AndroidManifest.xml:18:9-54
28        android:supportsRtl="true"
28-->src\main\AndroidManifest.xml:19:9-35
29        android:testOnly="true"
30        android:theme="@style/Theme.Android" >
30-->src\main\AndroidManifest.xml:20:9-45
31        <meta-data
31-->src\main\AndroidManifest.xml:21:9-23:50
32            android:name="com.google.android.actions"
32-->src\main\AndroidManifest.xml:22:13-54
33            android:resource="@xml/file_paths" />
33-->src\main\AndroidManifest.xml:23:13-47
34
35        <provider
35-->src\main\AndroidManifest.xml:25:9-33:20
36            android:name="androidx.core.content.FileProvider"
36-->src\main\AndroidManifest.xml:26:13-62
37            android:authorities="com.example.android.fileprovider"
37-->src\main\AndroidManifest.xml:27:13-67
38            android:exported="false"
38-->src\main\AndroidManifest.xml:28:13-37
39            android:grantUriPermissions="true" >
39-->src\main\AndroidManifest.xml:29:13-47
40            <meta-data
40-->src\main\AndroidManifest.xml:30:13-32:54
41                android:name="android.support.FILE_PROVIDER_PATHS"
41-->src\main\AndroidManifest.xml:31:17-67
42                android:resource="@xml/file_paths" />
42-->src\main\AndroidManifest.xml:32:17-51
43        </provider>
44
45        <activity
45-->src\main\AndroidManifest.xml:35:9-44:20
46            android:name="com.photoapp.MainActivity"
46-->src\main\AndroidManifest.xml:36:13-41
47            android:exported="true" >
47-->src\main\AndroidManifest.xml:37:13-36
48            <intent-filter>
48-->src\main\AndroidManifest.xml:38:13-43:29
49                <action android:name="android.intent.action.MAIN" />
49-->src\main\AndroidManifest.xml:39:17-69
49-->src\main\AndroidManifest.xml:39:25-66
50                <action android:name="android.media.action.IMAGE_CAPTURE" />
50-->src\main\AndroidManifest.xml:40:17-77
50-->src\main\AndroidManifest.xml:40:25-74
51
52                <category android:name="android.intent.category.LAUNCHER" />
52-->src\main\AndroidManifest.xml:42:17-77
52-->src\main\AndroidManifest.xml:42:27-74
53            </intent-filter>
54        </activity>
55
56        <provider
56-->[androidx.emoji2:emoji2:1.0.0] AndroidManifest.xml:26:9-34:20
57            android:name="androidx.startup.InitializationProvider"
57-->[androidx.emoji2:emoji2:1.0.0] AndroidManifest.xml:27:13-67
58            android:authorities="com.photoapp.androidx-startup"
58-->[androidx.emoji2:emoji2:1.0.0] AndroidManifest.xml:28:13-68
59            android:exported="false" >
59-->[androidx.emoji2:emoji2:1.0.0] AndroidManifest.xml:29:13-37
60            <meta-data
60-->[androidx.emoji2:emoji2:1.0.0] AndroidManifest.xml:31:13-33:52
61                android:name="androidx.emoji2.text.EmojiCompatInitializer"
61-->[androidx.emoji2:emoji2:1.0.0] AndroidManifest.xml:32:17-75
62                android:value="androidx.startup" />
62-->[androidx.emoji2:emoji2:1.0.0] AndroidManifest.xml:33:17-49
63            <meta-data
63-->[androidx.lifecycle:lifecycle-process:2.4.0] AndroidManifest.xml:31:13-33:52
64                android:name="androidx.lifecycle.ProcessLifecycleInitializer"
64-->[androidx.lifecycle:lifecycle-process:2.4.0] AndroidManifest.xml:32:17-78
65                android:value="androidx.startup" />
65-->[androidx.lifecycle:lifecycle-process:2.4.0] AndroidManifest.xml:33:17-49
66        </provider>
67    </application>
68
69</manifest>